  [1m[35m (0.1ms)[0m  [1m[34mSELECT sqlite_version(*)[0m
  ↳ vendor/bundle/ruby/2.5.0/bin/rake:23
  [1m[35m (8.4ms)[0m  [1m[35mCREATE TABLE "schema_migrations" ("version" varchar NOT NULL PRIMARY KEY)[0m
  ↳ vendor/bundle/ruby/2.5.0/bin/rake:23
  [1m[35m (3.3ms)[0m  [1m[35mCREATE TABLE "ar_internal_metadata" ("key" varchar NOT NULL PRIMARY KEY, "value" varchar, "created_at" datetime NOT NULL, "updated_at" datetime NOT NULL)[0m
  ↳ vendor/bundle/ruby/2.5.0/bin/rake:23
  [1m[36mActiveRecord::InternalMetadata Load (0.2ms)[0m  [1m[34mSELECT  "ar_internal_metadata".* FROM "ar_internal_metadata" WHERE "ar_internal_metadata"."key" = ? LIMIT ?[0m  [["key", "environment"], ["LIMIT", 1]]
  ↳ vendor/bundle/ruby/2.5.0/bin/rake:23
  [1m[35m (0.0ms)[0m  [1m[36mbegin transaction[0m
  ↳ vendor/bundle/ruby/2.5.0/bin/rake:23
  [1m[36mActiveRecord::InternalMetadata Create (0.3ms)[0m  [1m[32mINSERT INTO "ar_internal_metadata" ("key", "value", "created_at", "updated_at") VALUES (?, ?, ?, ?)[0m  [["key", "environment"], ["value", "development"], ["created_at", "2018-10-21 14:25:50.206215"], ["updated_at", "2018-10-21 14:25:50.206215"]]
  ↳ vendor/bundle/ruby/2.5.0/bin/rake:23
  [1m[35m (2.8ms)[0m  [1m[36mcommit transaction[0m
  ↳ vendor/bundle/ruby/2.5.0/bin/rake:23
  [1m[35m (0.1ms)[0m  [1m[34mSELECT "schema_migrations"."version" FROM "schema_migrations" ORDER BY "schema_migrations"."version" ASC[0m
  ↳ vendor/bundle/ruby/2.5.0/bin/rake:23
Started GET "/posts" for 127.0.0.1 at 2018-10-22 10:40:15 +0900
  
ActionController::RoutingError (No route matches [GET] "/posts"):
  
vendor/bundle/ruby/2.5.0/gems/actionpack-5.2.1/lib/action_dispatch/middleware/debug_exceptions.rb:65:in `call'
vendor/bundle/ruby/2.5.0/gems/web-console-3.7.0/lib/web_console/middleware.rb:135:in `call_app'
vendor/bundle/ruby/2.5.0/gems/web-console-3.7.0/lib/web_console/middleware.rb:30:in `block in call'
vendor/bundle/ruby/2.5.0/gems/web-console-3.7.0/lib/web_console/middleware.rb:20:in `catch'
vendor/bundle/ruby/2.5.0/gems/web-console-3.7.0/lib/web_console/middleware.rb:20:in `call'
vendor/bundle/ruby/2.5.0/gems/actionpack-5.2.1/lib/action_dispatch/middleware/show_exceptions.rb:33:in `call'
vendor/bundle/ruby/2.5.0/gems/railties-5.2.1/lib/rails/rack/logger.rb:38:in `call_app'
vendor/bundle/ruby/2.5.0/gems/railties-5.2.1/lib/rails/rack/logger.rb:26:in `block in call'
vendor/bundle/ruby/2.5.0/gems/activesupport-5.2.1/lib/active_support/tagged_logging.rb:71:in `block in tagged'
vendor/bundle/ruby/2.5.0/gems/activesupport-5.2.1/lib/active_support/tagged_logging.rb:28:in `tagged'
vendor/bundle/ruby/2.5.0/gems/activesupport-5.2.1/lib/active_support/tagged_logging.rb:71:in `tagged'
vendor/bundle/ruby/2.5.0/gems/railties-5.2.1/lib/rails/rack/logger.rb:26:in `call'
vendor/bundle/ruby/2.5.0/gems/sprockets-rails-3.2.1/lib/sprockets/rails/quiet_assets.rb:13:in `call'
vendor/bundle/ruby/2.5.0/gems/actionpack-5.2.1/lib/action_dispatch/middleware/remote_ip.rb:81:in `call'
vendor/bundle/ruby/2.5.0/gems/actionpack-5.2.1/lib/action_dispatch/middleware/request_id.rb:27:in `call'
vendor/bundle/ruby/2.5.0/gems/rack-2.0.5/lib/rack/method_override.rb:22:in `call'
vendor/bundle/ruby/2.5.0/gems/rack-2.0.5/lib/rack/runtime.rb:22:in `call'
vendor/bundle/ruby/2.5.0/gems/activesupport-5.2.1/lib/active_support/cache/strategy/local_cache_middleware.rb:29:in `call'
vendor/bundle/ruby/2.5.0/gems/actionpack-5.2.1/lib/action_dispatch/middleware/executor.rb:14:in `call'
vendor/bundle/ruby/2.5.0/gems/actionpack-5.2.1/lib/action_dispatch/middleware/static.rb:127:in `call'
vendor/bundle/ruby/2.5.0/gems/rack-2.0.5/lib/rack/sendfile.rb:111:in `call'
vendor/bundle/ruby/2.5.0/gems/railties-5.2.1/lib/rails/engine.rb:524:in `call'
vendor/bundle/ruby/2.5.0/gems/puma-3.12.0/lib/puma/configuration.rb:225:in `call'
vendor/bundle/ruby/2.5.0/gems/puma-3.12.0/lib/puma/server.rb:658:in `handle_request'
vendor/bundle/ruby/2.5.0/gems/puma-3.12.0/lib/puma/server.rb:472:in `process_client'
vendor/bundle/ruby/2.5.0/gems/puma-3.12.0/lib/puma/server.rb:332:in `block in run'
vendor/bundle/ruby/2.5.0/gems/puma-3.12.0/lib/puma/thread_pool.rb:133:in `block in spawn_thread'
Started GET "/home" for 127.0.0.1 at 2018-10-22 10:40:32 +0900
  
ActionController::RoutingError (No route matches [GET] "/home"):
  
vendor/bundle/ruby/2.5.0/gems/actionpack-5.2.1/lib/action_dispatch/middleware/debug_exceptions.rb:65:in `call'
vendor/bundle/ruby/2.5.0/gems/web-console-3.7.0/lib/web_console/middleware.rb:135:in `call_app'
vendor/bundle/ruby/2.5.0/gems/web-console-3.7.0/lib/web_console/middleware.rb:30:in `block in call'
vendor/bundle/ruby/2.5.0/gems/web-console-3.7.0/lib/web_console/middleware.rb:20:in `catch'
vendor/bundle/ruby/2.5.0/gems/web-console-3.7.0/lib/web_console/middleware.rb:20:in `call'
vendor/bundle/ruby/2.5.0/gems/actionpack-5.2.1/lib/action_dispatch/middleware/show_exceptions.rb:33:in `call'
vendor/bundle/ruby/2.5.0/gems/railties-5.2.1/lib/rails/rack/logger.rb:38:in `call_app'
vendor/bundle/ruby/2.5.0/gems/railties-5.2.1/lib/rails/rack/logger.rb:26:in `block in call'
vendor/bundle/ruby/2.5.0/gems/activesupport-5.2.1/lib/active_support/tagged_logging.rb:71:in `block in tagged'
vendor/bundle/ruby/2.5.0/gems/activesupport-5.2.1/lib/active_support/tagged_logging.rb:28:in `tagged'
vendor/bundle/ruby/2.5.0/gems/activesupport-5.2.1/lib/active_support/tagged_logging.rb:71:in `tagged'
vendor/bundle/ruby/2.5.0/gems/railties-5.2.1/lib/rails/rack/logger.rb:26:in `call'
vendor/bundle/ruby/2.5.0/gems/sprockets-rails-3.2.1/lib/sprockets/rails/quiet_assets.rb:13:in `call'
vendor/bundle/ruby/2.5.0/gems/actionpack-5.2.1/lib/action_dispatch/middleware/remote_ip.rb:81:in `call'
vendor/bundle/ruby/2.5.0/gems/actionpack-5.2.1/lib/action_dispatch/middleware/request_id.rb:27:in `call'
vendor/bundle/ruby/2.5.0/gems/rack-2.0.5/lib/rack/method_override.rb:22:in `call'
vendor/bundle/ruby/2.5.0/gems/rack-2.0.5/lib/rack/runtime.rb:22:in `call'
vendor/bundle/ruby/2.5.0/gems/activesupport-5.2.1/lib/active_support/cache/strategy/local_cache_middleware.rb:29:in `call'
vendor/bundle/ruby/2.5.0/gems/actionpack-5.2.1/lib/action_dispatch/middleware/executor.rb:14:in `call'
vendor/bundle/ruby/2.5.0/gems/actionpack-5.2.1/lib/action_dispatch/middleware/static.rb:127:in `call'
vendor/bundle/ruby/2.5.0/gems/rack-2.0.5/lib/rack/sendfile.rb:111:in `call'
vendor/bundle/ruby/2.5.0/gems/railties-5.2.1/lib/rails/engine.rb:524:in `call'
vendor/bundle/ruby/2.5.0/gems/puma-3.12.0/lib/puma/configuration.rb:225:in `call'
vendor/bundle/ruby/2.5.0/gems/puma-3.12.0/lib/puma/server.rb:658:in `handle_request'
vendor/bundle/ruby/2.5.0/gems/puma-3.12.0/lib/puma/server.rb:472:in `process_client'
vendor/bundle/ruby/2.5.0/gems/puma-3.12.0/lib/puma/server.rb:332:in `block in run'
vendor/bundle/ruby/2.5.0/gems/puma-3.12.0/lib/puma/thread_pool.rb:133:in `block in spawn_thread'
Started GET "/" for 127.0.0.1 at 2018-10-22 10:40:36 +0900
Processing by Rails::WelcomeController#index as HTML
  Rendering vendor/bundle/ruby/2.5.0/gems/railties-5.2.1/lib/rails/templates/rails/welcome/index.html.erb
  Rendered vendor/bundle/ruby/2.5.0/gems/railties-5.2.1/lib/rails/templates/rails/welcome/index.html.erb (4.1ms)
Completed 200 OK in 17ms (Views: 10.8ms | ActiveRecord: 0.0ms)


Started GET "/top" for 127.0.0.1 at 2018-10-22 10:40:56 +0900
Processing by HomeController#top as HTML
  Rendering home/top.html.erb within layouts/application
  Rendered home/top.html.erb within layouts/application (0.5ms)
Completed 200 OK in 669ms (Views: 665.5ms | ActiveRecord: 0.0ms)


